Arguments: 
  C:\Program Files\nodejs\node.exe C:\Users\User\AppData\Roaming\npm\node_modules\yarn\bin\yarn.js add --dev electron-inspector

PATH: 
  C:\Program Files (x86)\Common Files\Intel\Shared Files\cpp\bin\Intel64;C:\ProgramData\Oracle\Java\javapath;C:\Windows\system32;C:\Windows;C:\Windows\System32\Wbem;C:\Windows\System32\WindowsPowerShell\v1.0\;C:\Program Files\Microsoft SQL Server\110\Tools\Binn\;C:\Program Files\Microsoft SQL Server\120\Tools\Binn\;D:\doxygen\bin;C:\Program Files\Java\jdk1.8.0_91\bin;C:\Program Files\TortoiseSVN\bin;D:\MatLab\runtime\win64;D:\MatLab\bin;D:\MatLab\polyspace\bin;C:\TDM-GCC-64\bin;C:\Program Files\Common Files\Autodesk Shared\;C:\Program Files (x86)\Autodesk\Backburner\;C:\Program Files (x86)\Skype\Phone\;C:\Program Files\nodejs\;C:\Program Files\Git\cmd;C:\Program Files\doxygen\bin;C:\Program Files\doxygen\Mscgen;C:\ProgramData\chocolatey\bin;d:\quartus\quartus\bin;C:\Cadence\SPB_17.2\openaccess\bin\win32\opt;C:\Cadence\SPB_17.2\tools\capture;C:\Cadence\SPB_17.2\tools\pspice;C:\Cadence\SPB_17.2\tools\specctra\bin;C:\Cadence\SPB_17.2\tools\fet\bin;C:\Cadence\SPB_17.2\tools\libutil\bin;C:\Cadence\SPB_17.2\tools\bin;C:\Cadence\SPB_17.2\tools\pcb\bin;C:\Program Files (x86)\OpenVPN\bin;C:\Users\User\AppData\Local\atom\bin;C:\Users\User\AppData\Roaming\npm;C:\Program Files\Microsoft VS Code\bin

Yarn version: 
  1.1.0

Node version: 
  8.4.0

Platform: 
  win32 x64

npm manifest: 
  {
    "name": "electron-koa-app",
    "version": "0.0.1",
    "main": "main.js",
    "license": "MIT",
    "scripts": {
      "start": "electron . --inspect=3000",
      "build": "electron-packager . myApp  --overwrite"
    },
    "devDependencies": {
      "electron-packager": "^9.1.0",
      "eslint": "^4.9.0",
      "eslint-config-airbnb-base": "^12.1.0",
      "eslint-config-prettier": "^2.6.0",
      "eslint-plugin-import": "^2.8.0",
      "prettier": "^1.7.4"
    },
    "eslintConfig": {
      "root": true,
      "extends": [
        "prettier",
        "airbnb-base"
      ],
      "env": {
        "node": true
      },
      "settings": {
        "import/resolver": {
          "node": {
            "extensions": [
              ".mjs",
              ".js"
            ]
          }
        }
      }
    },
    "dependencies": {
      "electron": "^1.7.9",
      "koa": "^2.3.0",
      "koa-route": "^3.2.0"
    }
  }

yarn manifest: 
  No manifest

Lockfile: 
  No lockfile

Trace: 
  Error: getaddrinfo ENOTFOUND registry.yarnpkg.com registry.yarnpkg.com:443
      at errnoException (dns.js:53:10)
      at GetAddrInfoReqWrap.onlookup [as oncomplete] (dns.js:95:26)
